<?xml version="1.0" encoding="UTF-8"?>
<!-- Generated by org.testng.reporters.JUnitXMLReporter -->
<testsuite ignored="0" hostname="DESKTOP-NFCI9UD" failures="0" tests="3" name="Default test" time="0.104" errors="0" timestamp="2025-09-09T09:31:13 IST">
  <testcase classname="practice.RetryAnalyzerPractice" name="demo" time="0.02">
    <skipped/>
  </testcase> <!-- demo -->
  <testcase classname="practice.RetryAnalyzerPractice" name="demo" time="0.009">
    <skipped/>
  </testcase> <!-- demo -->
  <testcase classname="practice.RetryAnalyzerPractice" name="demo" time="0.004"/>
</testsuite> <!-- Default test -->
